MyGallers/launcher/build/intermediates/manifest_merge_blame_file/debug/manifest-merger-blame-debug-report.txt
1<?xml version="1.0" encoding="utf-8"?>
2<manifest xmlns:android="http://schemas.android.com/apk/res/android"
3    package="com.maxstepp.NativeGallery"
4    android:installLocation="preferExternal"
5    android:versionCode="1"
6    android:versionName="1.0" >
7
8    <uses-sdk
9        android:minSdkVersion="22"
9-->src\main\AndroidManifest.xml
10        android:targetSdkVersion="30" />
10-->src\main\AndroidManifest.xml
11
12    <supports-screens
12-->src\main\AndroidManifest.xml:3:3-163
13        android:anyDensity="true"
13-->src\main\AndroidManifest.xml:3:135-160
14        android:largeScreens="true"
14-->src\main\AndroidManifest.xml:3:78-105
15        android:normalScreens="true"
15-->src\main\AndroidManifest.xml:3:49-77
16        android:smallScreens="true"
16-->src\main\AndroidManifest.xml:3:21-48
17        android:xlargeScreens="true" />
17-->src\main\AndroidManifest.xml:3:106-134
18
19    <uses-feature android:glEsVersion="0x00030000" />
19-->[:unityLibrary] AndroidManifest.xml:12:5-54
19-->[:unityLibrary] AndroidManifest.xml:12:19-51
20    <uses-feature
20-->[:unityLibrary] AndroidManifest.xml:13:5-15:36
21        android:name="android.hardware.vulkan.version"
21-->[:unityLibrary] AndroidManifest.xml:14:9-55
22        android:required="false" />
22-->[:unityLibrary] AndroidManifest.xml:15:9-33
23
24    <uses-permission android:name="android.permission.INTERNET" />
24-->[:unityLibrary] AndroidManifest.xml:17:5-67
24-->[:unityLibrary] AndroidManifest.xml:17:22-64
25    <uses-permission android:name="android.permission.ACCESS_NETWORK_STATE" />
25-->[:unityLibrary] AndroidManifest.xml:18:5-79
25-->[:unityLibrary] AndroidManifest.xml:18:22-76
26
27    <uses-feature
27-->[:unityLibrary] AndroidManifest.xml:20:5-22:36
28        android:name="android.hardware.touchscreen"
28-->[:unityLibrary] AndroidManifest.xml:21:9-52
29        android:required="false" />
29-->[:unityLibrary] AndroidManifest.xml:22:9-33
30    <uses-feature
30-->[:unityLibrary] AndroidManifest.xml:23:5-25:36
31        android:name="android.hardware.touchscreen.multitouch"
31-->[:unityLibrary] AndroidManifest.xml:24:9-63
32        android:required="false" />
32-->[:unityLibrary] AndroidManifest.xml:25:9-33
33    <uses-feature
33-->[:unityLibrary] AndroidManifest.xml:26:5-28:36
34        android:name="android.hardware.touchscreen.multitouch.distinct"
34-->[:unityLibrary] AndroidManifest.xml:27:9-72
35        android:required="false" />
35-->[:unityLibrary] AndroidManifest.xml:28:9-33
36
37    <uses-permission android:name="android.permission.READ_EXTERNAL_STORAGE" />
37-->[:NativeGallery:] AndroidManifest.xml:4:2-98
37-->[:NativeGallery:] AndroidManifest.xml:4:19-74
38    <uses-permission android:name="android.permission.WRITE_EXTERNAL_STORAGE" />
38-->[:NativeGallery:] AndroidManifest.xml:5:2-99
38-->[:NativeGallery:] AndroidManifest.xml:5:19-75
39    <uses-permission android:name="android.permission.READ_MEDIA_IMAGES" />
39-->[:NativeGallery:] AndroidManifest.xml:6:2-94
39-->[:NativeGallery:] AndroidManifest.xml:6:19-70
40    <uses-permission android:name="android.permission.READ_MEDIA_VIDEO" />
40-->[:NativeGallery:] AndroidManifest.xml:7:2-93
40-->[:NativeGallery:] AndroidManifest.xml:7:19-69
41    <uses-permission android:name="android.permission.READ_MEDIA_AUDIO" />
41-->[:NativeGallery:] AndroidManifest.xml:8:2-93
41-->[:NativeGallery:] AndroidManifest.xml:8:19-69
42
43    <application
43-->src\main\AndroidManifest.xml:4:3-83
44        android:debuggable="true"
45        android:extractNativeLibs="true"
45-->[:unityLibrary] AndroidManifest.xml:30:18-50
46        android:icon="@mipmap/app_icon"
46-->src\main\AndroidManifest.xml:4:49-80
47        android:label="@string/app_name"
47-->src\main\AndroidManifest.xml:4:16-48
48        android:requestLegacyExternalStorage="true" >
48-->[:NativeGallery:] AndroidManifest.xml:9:15-58
49        <activity
49-->[:unityLibrary] AndroidManifest.xml:31:9-51:20
50            android:name="com.unity3d.player.UnityPlayerActivity"
50-->[:unityLibrary] AndroidManifest.xml:32:13-66
51            android:configChanges="mcc|mnc|locale|touchscreen|keyboard|keyboardHidden|navigation|orientation|screenLayout|uiMode|screenSize|smallestScreenSize|fontScale|layoutDirection|density"
51-->[:unityLibrary] AndroidManifest.xml:33:13-194
52            android:hardwareAccelerated="false"
52-->[:unityLibrary] AndroidManifest.xml:34:13-48
53            android:launchMode="singleTask"
53-->[:unityLibrary] AndroidManifest.xml:35:13-44
54            android:resizeableActivity="false"
54-->[:unityLibrary] AndroidManifest.xml:36:13-47
55            android:screenOrientation="reverseLandscape"
55-->[:unityLibrary] AndroidManifest.xml:37:13-57
56            android:theme="@style/UnityThemeSelector" >
56-->[:unityLibrary] AndroidManifest.xml:38:13-54
57            <intent-filter>
57-->[:unityLibrary] AndroidManifest.xml:39:13-43:29
58                <action android:name="android.intent.action.MAIN" />
58-->[:unityLibrary] AndroidManifest.xml:40:17-69
58-->[:unityLibrary] AndroidManifest.xml:40:25-66
59
60                <category android:name="android.intent.category.LAUNCHER" />
60-->[:unityLibrary] AndroidManifest.xml:42:17-77
60-->[:unityLibrary] AndroidManifest.xml:42:27-74
61            </intent-filter>
62
63            <meta-data
63-->[:unityLibrary] AndroidManifest.xml:45:13-47:40
64                android:name="unityplayer.UnityActivity"
64-->[:unityLibrary] AndroidManifest.xml:46:17-57
65                android:value="true" />
65-->[:unityLibrary] AndroidManifest.xml:47:17-37
66            <meta-data
66-->[:unityLibrary] AndroidManifest.xml:48:13-50:40
67                android:name="android.notch_support"
67-->[:unityLibrary] AndroidManifest.xml:49:17-53
68                android:value="true" />
68-->[:unityLibrary] AndroidManifest.xml:50:17-37
69        </activity>
70
71        <meta-data
71-->[:unityLibrary] AndroidManifest.xml:53:9-55:33
72            android:name="unity.splash-mode"
72-->[:unityLibrary] AndroidManifest.xml:54:13-45
73            android:value="0" />
73-->[:unityLibrary] AndroidManifest.xml:55:13-30
74        <meta-data
74-->[:unityLibrary] AndroidManifest.xml:56:9-58:36
75            android:name="unity.splash-enable"
75-->[:unityLibrary] AndroidManifest.xml:57:13-47
76            android:value="True" />
76-->[:unityLibrary] AndroidManifest.xml:58:13-33
77        <meta-data
77-->[:unityLibrary] AndroidManifest.xml:59:9-61:36
78            android:name="unity.launch-fullscreen"
78-->[:unityLibrary] AndroidManifest.xml:60:13-51
79            android:value="True" />
79-->[:unityLibrary] AndroidManifest.xml:61:13-33
80        <meta-data
80-->[:unityLibrary] AndroidManifest.xml:62:9-64:37
81            android:name="unity.allow-resizable-window"
81-->[:unityLibrary] AndroidManifest.xml:63:13-56
82            android:value="False" />
82-->[:unityLibrary] AndroidManifest.xml:64:13-34
83        <meta-data
83-->[:unityLibrary] AndroidManifest.xml:65:9-67:50
84            android:name="notch.config"
84-->[:unityLibrary] AndroidManifest.xml:66:13-40
85            android:value="portrait|landscape" />
85-->[:unityLibrary] AndroidManifest.xml:67:13-47
86    </application>
87
88</manifest>